**********************
Windows PowerShell transcript start
Start time: 20220809084724
Username: DAVITA\JFOY-P
RunAs User: DAVITA\JFOY-P
Configuration Name: 
Machine: SEA-JFOYLT02 (Microsoft Windows NT 10.0.22000.0)
Host Application: C:\WINDOWS\System32\WindowsPowerShell\v1.0\powershell.exe -NoProfile -ExecutionPolicy Bypass -Command Import-Module 'c:\Users\jfoy-p\.vscode\extensions\ms-vscode.powershell-2022.7.2\modules\PowerShellEditorServices\PowerShellEditorServices.psd1'; Start-EditorServices -HostName 'Visual Studio Code Host' -HostProfileId 'Microsoft.VSCode' -HostVersion '2022.7.2' -AdditionalModules @('PowerShellEditorServices.VSCode') -BundledModulesPath 'c:\Users\jfoy-p\.vscode\extensions\ms-vscode.powershell-2022.7.2\modules' -EnableConsoleRepl -StartupBanner "PowerShell Extension v2022.7.2
Copyright (c) Microsoft Corporation.

https://aka.ms/vscode-powershell
Type 'help' to get help.
" -LogLevel 'Normal' -LogPath 'c:\Users\jfoy-p\AppData\Roaming\Code\User\globalStorage\ms-vscode.powershell\logs\1660053631-048e7886-a6c7-4a6b-8b53-359840fd97441660053625601\EditorServices.log' -SessionDetailsPath 'c:\Users\jfoy-p\AppData\Roaming\Code\User\globalStorage\ms-vscode.powershell\sessions\PSES-VSCode-8428-130110.json' -FeatureFlags @() 
Process ID: 8308
PSVersion: 5.1.22000.653
PSEdition: Desktop
PSCompatibleVersions: 1.0, 2.0, 3.0, 4.0, 5.0, 5.1.22000.653
BuildVersion: 10.0.22000.653
CLRVersion: 4.0.30319.42000
WSManStackVersion: 3.0
PSRemotingProtocolVersion: 2.3
SerializationVersion: 1.1.0.1
**********************
Transcript started, output file is C:\Transfer\Dropbox\Scripts\Powershell\VMware\VCSA_backup_clean\Logs\clear_old_folders.ps1.log
================================================================================

		clear_old_folders.ps1 v2022.08.01.000
		Started 8/9/2022 8:47 AM
		Max Backups to Keep: 2
		Checking Path: C:\TEMP\TESTING\
		Report Only: False

================================================================================

Found 4 subfolder(s) for TEST1
Excess Backups Found, trimming...
Oldest 2 folder(s) will be removed
Removing folder: New folder
Removal Succeeded
Removing folder: New folder (2)
Removal Succeeded
Found 3 subfolder(s) for TEST2
Excess Backups Found, trimming...
Oldest 1 folder(s) will be removed
Removing folder: New folder (2)
Removal Succeeded
Found 3 subfolder(s) for TEST3
Excess Backups Found, trimming...
Oldest 1 folder(s) will be removed
Removing folder: New folder
Removal Succeeded
Found 3 subfolder(s) for TEST4
Excess Backups Found, trimming...
Oldest 1 folder(s) will be removed
Removing folder: New folder
Removal Succeeded
Emailing Report...
================================================================================
================================================================================

Script Completed in 0.8 second(s)

================================================================================

**********************
Windows PowerShell transcript end
End time: 20220809084725
**********************
